# JRE version: Java(TM) SE Runtime Environment (8.0_131-b11) (build 1.8.0_131-b11)
# Java VM: Java HotSpot(TM) 64-Bit Server VM (25.131-b11 mixed mode windows-amd64 compressed oops)
Heap:
 PSYoungGen      total 142336K, used 40828K [0x00000000f5580000, 0x0000000100000000, 0x0000000100000000)
  eden space 130048K, 21% used [0x00000000f5580000,0x00000000f7163f80,0x00000000fd480000)
  from space 12288K, 99% used [0x00000000fd480000,0x00000000fe07b2a0,0x00000000fe080000)
  to   space 17408K, 0% used [0x00000000fef00000,0x00000000fef00000,0x0000000100000000)
 ParOldGen       total 87552K, used 19471K [0x00000000e0000000, 0x00000000e5580000, 0x00000000f5580000)
  object space 87552K, 22% used [0x00000000e0000000,0x00000000e1303f40,0x00000000e5580000)
 Metaspace       used 19011K, capacity 19362K, committed 19456K, reserved 1067008K
  class space    used 2088K, capacity 2210K, committed 2304K, reserved 1048576K
GC Heap History (10 events):
Event: 1.644 GC heap before
{Heap before GC invocations=5 (full 0):
 PSYoungGen      total 38400K, used 38380K [0x00000000f5580000, 0x00000000fa080000, 0x0000000100000000)
  eden space 33280K, 100% used [0x00000000f5580000,0x00000000f7600000,0x00000000f7600000)
  from space 5120K, 99% used [0x00000000f7b00000,0x00000000f7ffb380,0x00000000f8000000)
  to   space 5120K, 0% used [0x00000000f7600000,0x00000000f7600000,0x00000000f7b00000)
 ParOldGen       total 87552K, used 2145K [0x00000000e0000000, 0x00000000e5580000, 0x00000000f5580000)
  object space 87552K, 2% used [0x00000000e0000000,0x00000000e0218618,0x00000000e5580000)
 Metaspace       used 12529K, capacity 12782K, committed 13056K, reserved 1060864K
  class space    used 1392K, capacity 1489K, committed 1536K, reserved 1048576K
Event: 1.649 GC heap after
Heap after GC invocations=5 (full 0):
 PSYoungGen      total 38400K, used 5116K [0x00000000f5580000, 0x00000000fa780000, 0x0000000100000000)
  eden space 33280K, 0% used [0x00000000f5580000,0x00000000f5580000,0x00000000f7600000)
  from space 5120K, 99% used [0x00000000f7600000,0x00000000f7aff0a8,0x00000000f7b00000)
  to   space 8704K, 0% used [0x00000000f9f00000,0x00000000f9f00000,0x00000000fa780000)
 ParOldGen       total 87552K, used 4968K [0x00000000e0000000, 0x00000000e5580000, 0x00000000f5580000)
  object space 87552K, 5% used [0x00000000e0000000,0x00000000e04da298,0x00000000e5580000)
 Metaspace       used 12529K, capacity 12782K, committed 13056K, reserved 1060864K
  class space    used 1392K, capacity 1489K, committed 1536K, reserved 1048576K
}
Event: 1.995 GC heap before
{Heap before GC invocations=6 (full 0):
 PSYoungGen      total 38400K, used 38396K [0x00000000f5580000, 0x00000000fa780000, 0x0000000100000000)
  eden space 33280K, 100% used [0x00000000f5580000,0x00000000f7600000,0x00000000f7600000)
  from space 5120K, 99% used [0x00000000f7600000,0x00000000f7aff0a8,0x00000000f7b00000)
  to   space 8704K, 0% used [0x00000000f9f00000,0x00000000f9f00000,0x00000000fa780000)
 ParOldGen       total 87552K, used 4968K [0x00000000e0000000, 0x00000000e5580000, 0x00000000f5580000)
  object space 87552K, 5% used [0x00000000e0000000,0x00000000e04da298,0x00000000e5580000)
 Metaspace       used 13572K, capacity 13806K, committed 13952K, reserved 1060864K
  class space    used 1544K, capacity 1617K, committed 1664K, reserved 1048576K
Event: 2.001 GC heap after
Heap after GC invocations=6 (full 0):
 PSYoungGen      total 74752K, used 7811K [0x00000000f5580000, 0x00000000fa880000, 0x0000000100000000)
  eden space 66048K, 0% used [0x00000000f5580000,0x00000000f5580000,0x00000000f9600000)
  from space 8704K, 89% used [0x00000000f9f00000,0x00000000fa6a0c00,0x00000000fa780000)
  to   space 9216K, 0% used [0x00000000f9600000,0x00000000f9600000,0x00000000f9f00000)
 ParOldGen       total 87552K, used 5040K [0x00000000e0000000, 0x00000000e5580000, 0x00000000f5580000)
  object space 87552K, 5% used [0x00000000e0000000,0x00000000e04ec2a8,0x00000000e5580000)
 Metaspace       used 13572K, capacity 13806K, committed 13952K, reserved 1060864K
  class space    used 1544K, capacity 1617K, committed 1664K, reserved 1048576K
}
Event: 2.905 GC heap before
{Heap before GC invocations=7 (full 0):
 PSYoungGen      total 74752K, used 73859K [0x00000000f5580000, 0x00000000fa880000, 0x0000000100000000)
  eden space 66048K, 100% used [0x00000000f5580000,0x00000000f9600000,0x00000000f9600000)
  from space 8704K, 89% used [0x00000000f9f00000,0x00000000fa6a0c00,0x00000000fa780000)
  to   space 9216K, 0% used [0x00000000f9600000,0x00000000f9600000,0x00000000f9f00000)
 ParOldGen       total 87552K, used 5040K [0x00000000e0000000, 0x00000000e5580000, 0x00000000f5580000)
  object space 87552K, 5% used [0x00000000e0000000,0x00000000e04ec2a8,0x00000000e5580000)
 Metaspace       used 15901K, capacity 16142K, committed 16256K, reserved 1062912K
  class space    used 1817K, capacity 1905K, committed 1920K, reserved 1048576K
Event: 2.914 GC heap after
Heap after GC invocations=7 (full 0):
 PSYoungGen      total 75264K, used 8412K [0x00000000f5580000, 0x00000000fea80000, 0x0000000100000000)
  eden space 66048K, 0% used [0x00000000f5580000,0x00000000f5580000,0x00000000f9600000)
  from space 9216K, 91% used [0x00000000f9600000,0x00000000f9e371b8,0x00000000f9f00000)
  to   space 10240K, 0% used [0x00000000fe080000,0x00000000fe080000,0x00000000fea80000)
 ParOldGen       total 87552K, used 7982K [0x00000000e0000000, 0x00000000e5580000, 0x00000000f5580000)
  object space 87552K, 9% used [0x00000000e0000000,0x00000000e07cbad0,0x00000000e5580000)
 Metaspace       used 15901K, capacity 16142K, committed 16256K, reserved 1062912K
  class space    used 1817K, capacity 1905K, committed 1920K, reserved 1048576K
}
Event: 3.707 GC heap before
{Heap before GC invocations=8 (full 0):
 PSYoungGen      total 75264K, used 74460K [0x00000000f5580000, 0x00000000fea80000, 0x0000000100000000)
  eden space 66048K, 100% used [0x00000000f5580000,0x00000000f9600000,0x00000000f9600000)
  from space 9216K, 91% used [0x00000000f9600000,0x00000000f9e371b8,0x00000000f9f00000)
  to   space 10240K, 0% used [0x00000000fe080000,0x00000000fe080000,0x00000000fea80000)
 ParOldGen       total 87552K, used 7982K [0x00000000e0000000, 0x00000000e5580000, 0x00000000f5580000)
  object space 87552K, 9% used [0x00000000e0000000,0x00000000e07cbad0,0x00000000e5580000)
 Metaspace       used 16637K, capacity 16852K, committed 17152K, reserved 1064960K
  class space    used 1883K, capacity 1970K, committed 2048K, reserved 1048576K
Event: 3.719 GC heap after
Heap after GC invocations=8 (full 0):
 PSYoungGen      total 140288K, used 10218K [0x00000000f5580000, 0x00000000fee80000, 0x0000000100000000)
  eden space 130048K, 0% used [0x00000000f5580000,0x00000000f5580000,0x00000000fd480000)
  from space 10240K, 99% used [0x00000000fe080000,0x00000000fea7a9f0,0x00000000fea80000)
  to   space 12288K, 0% used [0x00000000fd480000,0x00000000fd480000,0x00000000fe080000)
 ParOldGen       total 87552K, used 10240K [0x00000000e0000000, 0x00000000e5580000, 0x00000000f5580000)
  object space 87552K, 11% used [0x00000000e0000000,0x00000000e0a00300,0x00000000e5580000)
 Metaspace       used 16637K, capacity 16852K, committed 17152K, reserved 1064960K
  class space    used 1883K, capacity 1970K, committed 2048K, reserved 1048576K
}
Event: 5.603 GC heap before
{Heap before GC invocations=9 (full 0):
 PSYoungGen      total 140288K, used 140266K [0x00000000f5580000, 0x00000000fee80000, 0x0000000100000000)
  eden space 130048K, 100% used [0x00000000f5580000,0x00000000fd480000,0x00000000fd480000)
  from space 10240K, 99% used [0x00000000fe080000,0x00000000fea7a9f0,0x00000000fea80000)
  to   space 12288K, 0% used [0x00000000fd480000,0x00000000fd480000,0x00000000fe080000)
 ParOldGen       total 87552K, used 10240K [0x00000000e0000000, 0x00000000e5580000, 0x00000000f5580000)
  object space 87552K, 11% used [0x00000000e0000000,0x00000000e0a00318,0x00000000e5580000)
 Metaspace       used 18995K, capacity 19362K, committed 19456K, reserved 1067008K
  class space    used 2087K, capacity 2210K, committed 2304K, reserved 1048576K
Event: 5.622 GC heap after
Heap after GC invocations=9 (full 0):
 PSYoungGen      total 142336K, used 12268K [0x00000000f5580000, 0x0000000100000000, 0x0000000100000000)
  eden space 130048K, 0% used [0x00000000f5580000,0x00000000f5580000,0x00000000fd480000)
  from space 12288K, 99% used [0x00000000fd480000,0x00000000fe07b2a0,0x00000000fe080000)
  to   space 17408K, 0% used [0x00000000fef00000,0x00000000fef00000,0x0000000100000000)
 ParOldGen       total 87552K, used 19471K [0x00000000e0000000, 0x00000000e5580000, 0x00000000f5580000)
  object space 87552K, 22% used [0x00000000e0000000,0x00000000e1303f40,0x00000000e5580000)
 Metaspace       used 18995K, capacity 19362K, committed 19456K, reserved 1067008K
  class space    used 2087K, capacity 2210K, committed 2304K, reserved 1048576K
}

