# JRE version: Java(TM) SE Runtime Environment (8.0_131-b11) (build 1.8.0_131-b11)
# Java VM: Java HotSpot(TM) 64-Bit Server VM (25.131-b11 mixed mode windows-amd64 compressed oops)
Heap:
 PSYoungGen      total 158208K, used 77888K [0x00000000f5580000, 0x0000000100000000, 0x0000000100000000)
  eden space 146432K, 45% used [0x00000000f5580000,0x00000000f9657830,0x00000000fe480000)
  from space 11776K, 97% used [0x00000000fe480000,0x00000000fefb8908,0x00000000ff000000)
  to   space 14848K, 0% used [0x00000000ff180000,0x00000000ff180000,0x0000000100000000)
 ParOldGen       total 87552K, used 27503K [0x00000000e0000000, 0x00000000e5580000, 0x00000000f5580000)
  object space 87552K, 31% used [0x00000000e0000000,0x00000000e1adbf88,0x00000000e5580000)
 Metaspace       used 29480K, capacity 29788K, committed 30080K, reserved 1077248K
  class space    used 2980K, capacity 3075K, committed 3200K, reserved 1048576K
GC Heap History (10 events):
Event: 4.928 GC heap before
{Heap before GC invocations=10 (full 1):
 PSYoungGen      total 159744K, used 144384K [0x00000000f5580000, 0x0000000100000000, 0x0000000100000000)
  eden space 144384K, 100% used [0x00000000f5580000,0x00000000fe280000,0x00000000fe280000)
  from space 15360K, 0% used [0x00000000ff100000,0x00000000ff100000,0x0000000100000000)
  to   space 14848K, 0% used [0x00000000fe280000,0x00000000fe280000,0x00000000ff100000)
 ParOldGen       total 87552K, used 14781K [0x00000000e0000000, 0x00000000e5580000, 0x00000000f5580000)
  object space 87552K, 16% used [0x00000000e0000000,0x00000000e0e6f430,0x00000000e5580000)
 Metaspace       used 22635K, capacity 22928K, committed 23088K, reserved 1069056K
  class space    used 2514K, capacity 2625K, committed 2688K, reserved 1048576K
Event: 4.932 GC heap after
Heap after GC invocations=10 (full 1):
 PSYoungGen      total 153088K, used 8387K [0x00000000f5580000, 0x00000000ffe80000, 0x0000000100000000)
  eden space 144384K, 0% used [0x00000000f5580000,0x00000000f5580000,0x00000000fe280000)
  from space 8704K, 96% used [0x00000000fe280000,0x00000000feab0f00,0x00000000feb00000)
  to   space 14336K, 0% used [0x00000000ff080000,0x00000000ff080000,0x00000000ffe80000)
 ParOldGen       total 87552K, used 14789K [0x00000000e0000000, 0x00000000e5580000, 0x00000000f5580000)
  object space 87552K, 16% used [0x00000000e0000000,0x00000000e0e71430,0x00000000e5580000)
 Metaspace       used 22635K, capacity 22928K, committed 23088K, reserved 1069056K
  class space    used 2514K, capacity 2625K, committed 2688K, reserved 1048576K
}
Event: 5.183 GC heap before
{Heap before GC invocations=11 (full 1):
 PSYoungGen      total 153088K, used 152771K [0x00000000f5580000, 0x00000000ffe80000, 0x0000000100000000)
  eden space 144384K, 100% used [0x00000000f5580000,0x00000000fe280000,0x00000000fe280000)
  from space 8704K, 96% used [0x00000000fe280000,0x00000000feab0f00,0x00000000feb00000)
  to   space 14336K, 0% used [0x00000000ff080000,0x00000000ff080000,0x00000000ffe80000)
 ParOldGen       total 87552K, used 14789K [0x00000000e0000000, 0x00000000e5580000, 0x00000000f5580000)
  object space 87552K, 16% used [0x00000000e0000000,0x00000000e0e71430,0x00000000e5580000)
 Metaspace       used 22861K, capacity 23158K, committed 23424K, reserved 1071104K
  class space    used 2542K, capacity 2658K, committed 2688K, reserved 1048576K
Event: 5.186 GC heap after
Heap after GC invocations=11 (full 1):
 PSYoungGen      total 159232K, used 8240K [0x00000000f5580000, 0x0000000100000000, 0x0000000100000000)
  eden space 144896K, 0% used [0x00000000f5580000,0x00000000f5580000,0x00000000fe300000)
  from space 14336K, 57% used [0x00000000ff080000,0x00000000ff88c3d0,0x00000000ffe80000)
  to   space 13824K, 0% used [0x00000000fe300000,0x00000000fe300000,0x00000000ff080000)
 ParOldGen       total 87552K, used 14797K [0x00000000e0000000, 0x00000000e5580000, 0x00000000f5580000)
  object space 87552K, 16% used [0x00000000e0000000,0x00000000e0e73430,0x00000000e5580000)
 Metaspace       used 22861K, capacity 23158K, committed 23424K, reserved 1071104K
  class space    used 2542K, capacity 2658K, committed 2688K, reserved 1048576K
}
Event: 5.503 GC heap before
{Heap before GC invocations=12 (full 1):
 PSYoungGen      total 159232K, used 153136K [0x00000000f5580000, 0x0000000100000000, 0x0000000100000000)
  eden space 144896K, 100% used [0x00000000f5580000,0x00000000fe300000,0x00000000fe300000)
  from space 14336K, 57% used [0x00000000ff080000,0x00000000ff88c3d0,0x00000000ffe80000)
  to   space 13824K, 0% used [0x00000000fe300000,0x00000000fe300000,0x00000000ff080000)
 ParOldGen       total 87552K, used 14797K [0x00000000e0000000, 0x00000000e5580000, 0x00000000f5580000)
  object space 87552K, 16% used [0x00000000e0000000,0x00000000e0e73430,0x00000000e5580000)
 Metaspace       used 24987K, capacity 25270K, committed 25344K, reserved 1071104K
  class space    used 2699K, capacity 2786K, committed 2816K, reserved 1048576K
Event: 5.508 GC heap after
Heap after GC invocations=12 (full 1):
 PSYoungGen      total 158720K, used 5038K [0x00000000f5580000, 0x00000000fff80000, 0x0000000100000000)
  eden space 144896K, 0% used [0x00000000f5580000,0x00000000f5580000,0x00000000fe300000)
  from space 13824K, 36% used [0x00000000fe300000,0x00000000fe7ebbd8,0x00000000ff080000)
  to   space 13824K, 0% used [0x00000000ff200000,0x00000000ff200000,0x00000000fff80000)
 ParOldGen       total 87552K, used 22171K [0x00000000e0000000, 0x00000000e5580000, 0x00000000f5580000)
  object space 87552K, 25% used [0x00000000e0000000,0x00000000e15a6cd8,0x00000000e5580000)
 Metaspace       used 24987K, capacity 25270K, committed 25344K, reserved 1071104K
  class space    used 2699K, capacity 2786K, committed 2816K, reserved 1048576K
}
Event: 5.754 GC heap before
{Heap before GC invocations=13 (full 1):
 PSYoungGen      total 158720K, used 149934K [0x00000000f5580000, 0x00000000fff80000, 0x0000000100000000)
  eden space 144896K, 100% used [0x00000000f5580000,0x00000000fe300000,0x00000000fe300000)
  from space 13824K, 36% used [0x00000000fe300000,0x00000000fe7ebbd8,0x00000000ff080000)
  to   space 13824K, 0% used [0x00000000ff200000,0x00000000ff200000,0x00000000fff80000)
 ParOldGen       total 87552K, used 22171K [0x00000000e0000000, 0x00000000e5580000, 0x00000000f5580000)
  object space 87552K, 25% used [0x00000000e0000000,0x00000000e15a6cd8,0x00000000e5580000)
 Metaspace       used 26028K, capacity 26358K, committed 26496K, reserved 1073152K
  class space    used 2759K, capacity 2850K, committed 2944K, reserved 1048576K
Event: 5.758 GC heap after
Heap after GC invocations=13 (full 1):
 PSYoungGen      total 160256K, used 3713K [0x00000000f5580000, 0x0000000100000000, 0x0000000100000000)
  eden space 146432K, 0% used [0x00000000f5580000,0x00000000f5580000,0x00000000fe480000)
  from space 13824K, 26% used [0x00000000ff200000,0x00000000ff5a0480,0x00000000fff80000)
  to   space 13824K, 0% used [0x00000000fe480000,0x00000000fe480000,0x00000000ff200000)
 ParOldGen       total 87552K, used 27035K [0x00000000e0000000, 0x00000000e5580000, 0x00000000f5580000)
  object space 87552K, 30% used [0x00000000e0000000,0x00000000e1a66c20,0x00000000e5580000)
 Metaspace       used 26028K, capacity 26358K, committed 26496K, reserved 1073152K
  class space    used 2759K, capacity 2850K, committed 2944K, reserved 1048576K
}
Event: 6.582 GC heap before
{Heap before GC invocations=14 (full 1):
 PSYoungGen      total 160256K, used 150145K [0x00000000f5580000, 0x0000000100000000, 0x0000000100000000)
  eden space 146432K, 100% used [0x00000000f5580000,0x00000000fe480000,0x00000000fe480000)
  from space 13824K, 26% used [0x00000000ff200000,0x00000000ff5a0480,0x00000000fff80000)
  to   space 13824K, 0% used [0x00000000fe480000,0x00000000fe480000,0x00000000ff200000)
 ParOldGen       total 87552K, used 27035K [0x00000000e0000000, 0x00000000e5580000, 0x00000000f5580000)
  object space 87552K, 30% used [0x00000000e0000000,0x00000000e1a66c20,0x00000000e5580000)
 Metaspace       used 29453K, capacity 29788K, committed 30080K, reserved 1077248K
  class space    used 2977K, capacity 3075K, committed 3200K, reserved 1048576K
Event: 6.590 GC heap after
Heap after GC invocations=14 (full 1):
 PSYoungGen      total 158208K, used 11490K [0x00000000f5580000, 0x0000000100000000, 0x0000000100000000)
  eden space 146432K, 0% used [0x00000000f5580000,0x00000000f5580000,0x00000000fe480000)
  from space 11776K, 97% used [0x00000000fe480000,0x00000000fefb8908,0x00000000ff000000)
  to   space 14848K, 0% used [0x00000000ff180000,0x00000000ff180000,0x0000000100000000)
 ParOldGen       total 87552K, used 27503K [0x00000000e0000000, 0x00000000e5580000, 0x00000000f5580000)
  object space 87552K, 31% used [0x00000000e0000000,0x00000000e1adbf88,0x00000000e5580000)
 Metaspace       used 29453K, capacity 29788K, committed 30080K, reserved 1077248K
  class space    used 2977K, capacity 3075K, committed 3200K, reserved 1048576K
}

