# JRE version: Java(TM) SE Runtime Environment (8.0_131-b11) (build 1.8.0_131-b11)
# Java VM: Java HotSpot(TM) 64-Bit Server VM (25.131-b11 mixed mode windows-amd64 compressed oops)
Heap:
 PSYoungGen      total 151552K, used 52000K [0x00000000f5580000, 0x00000000ffe80000, 0x0000000100000000)
  eden space 146432K, 32% used [0x00000000f5580000,0x00000000f838d150,0x00000000fe480000)
  from space 5120K, 94% used [0x00000000fe480000,0x00000000fe93aeb0,0x00000000fe980000)
  to   space 13312K, 0% used [0x00000000ff180000,0x00000000ff180000,0x00000000ffe80000)
 ParOldGen       total 87552K, used 34769K [0x00000000e0000000, 0x00000000e5580000, 0x00000000f5580000)
  object space 87552K, 39% used [0x00000000e0000000,0x00000000e21f4518,0x00000000e5580000)
 Metaspace       used 28025K, capacity 28272K, committed 28416K, reserved 1075200K
  class space    used 2914K, capacity 3040K, committed 3072K, reserved 1048576K
GC Heap History (10 events):
Event: 6.295 GC heap before
{Heap before GC invocations=14 (full 1):
 PSYoungGen      total 160256K, used 148032K [0x00000000f5580000, 0x0000000100000000, 0x0000000100000000)
  eden space 146944K, 100% used [0x00000000f5580000,0x00000000fe500000,0x00000000fe500000)
  from space 13312K, 8% used [0x00000000ff300000,0x00000000ff410000,0x0000000100000000)
  to   space 13824K, 0% used [0x00000000fe500000,0x00000000fe500000,0x00000000ff280000)
 ParOldGen       total 87552K, used 23540K [0x00000000e0000000, 0x00000000e5580000, 0x00000000f5580000)
  object space 87552K, 26% used [0x00000000e0000000,0x00000000e16fd018,0x00000000e5580000)
 Metaspace       used 23724K, capacity 23984K, committed 24320K, reserved 1071104K
  class space    used 2639K, capacity 2720K, committed 2816K, reserved 1048576K
Event: 6.298 GC heap after
Heap after GC invocations=14 (full 1):
 PSYoungGen      total 160768K, used 1785K [0x00000000f5580000, 0x0000000100000000, 0x0000000100000000)
  eden space 146944K, 0% used [0x00000000f5580000,0x00000000f5580000,0x00000000fe500000)
  from space 13824K, 12% used [0x00000000fe500000,0x00000000fe6be700,0x00000000ff280000)
  to   space 13824K, 0% used [0x00000000ff280000,0x00000000ff280000,0x0000000100000000)
 ParOldGen       total 87552K, used 24292K [0x00000000e0000000, 0x00000000e5580000, 0x00000000f5580000)
  object space 87552K, 27% used [0x00000000e0000000,0x00000000e17b9018,0x00000000e5580000)
 Metaspace       used 23724K, capacity 23984K, committed 24320K, reserved 1071104K
  class space    used 2639K, capacity 2720K, committed 2816K, reserved 1048576K
}
Event: 6.586 GC heap before
{Heap before GC invocations=15 (full 1):
 PSYoungGen      total 160768K, used 148729K [0x00000000f5580000, 0x0000000100000000, 0x0000000100000000)
  eden space 146944K, 100% used [0x00000000f5580000,0x00000000fe500000,0x00000000fe500000)
  from space 13824K, 12% used [0x00000000fe500000,0x00000000fe6be700,0x00000000ff280000)
  to   space 13824K, 0% used [0x00000000ff280000,0x00000000ff280000,0x0000000100000000)
 ParOldGen       total 87552K, used 24299K [0x00000000e0000000, 0x00000000e5580000, 0x00000000f5580000)
  object space 87552K, 27% used [0x00000000e0000000,0x00000000e17baed8,0x00000000e5580000)
 Metaspace       used 25301K, capacity 25488K, committed 25600K, reserved 1073152K
  class space    used 2746K, capacity 2816K, committed 2816K, reserved 1048576K
Event: 6.623 GC heap after
Heap after GC invocations=15 (full 1):
 PSYoungGen      total 160768K, used 2822K [0x00000000f5580000, 0x0000000100000000, 0x0000000100000000)
  eden space 146944K, 0% used [0x00000000f5580000,0x00000000f5580000,0x00000000fe500000)
  from space 13824K, 20% used [0x00000000ff280000,0x00000000ff541b98,0x0000000100000000)
  to   space 13824K, 0% used [0x00000000fe500000,0x00000000fe500000,0x00000000ff280000)
 ParOldGen       total 87552K, used 25295K [0x00000000e0000000, 0x00000000e5580000, 0x00000000f5580000)
  object space 87552K, 28% used [0x00000000e0000000,0x00000000e18b3d98,0x00000000e5580000)
 Metaspace       used 25301K, capacity 25488K, committed 25600K, reserved 1073152K
  class space    used 2746K, capacity 2816K, committed 2816K, reserved 1048576K
}
Event: 6.624 GC heap before
{Heap before GC invocations=16 (full 1):
 PSYoungGen      total 160768K, used 3192K [0x00000000f5580000, 0x0000000100000000, 0x0000000100000000)
  eden space 146944K, 0% used [0x00000000f5580000,0x00000000f55dc588,0x00000000fe500000)
  from space 13824K, 20% used [0x00000000ff280000,0x00000000ff541b98,0x0000000100000000)
  to   space 13824K, 0% used [0x00000000fe500000,0x00000000fe500000,0x00000000ff280000)
 ParOldGen       total 87552K, used 25295K [0x00000000e0000000, 0x00000000e5580000, 0x00000000f5580000)
  object space 87552K, 28% used [0x00000000e0000000,0x00000000e18b3d98,0x00000000e5580000)
 Metaspace       used 25301K, capacity 25488K, committed 25600K, reserved 1073152K
  class space    used 2746K, capacity 2816K, committed 2816K, reserved 1048576K
Event: 6.626 GC heap after
Heap after GC invocations=16 (full 1):
 PSYoungGen      total 147456K, used 32K [0x00000000f5580000, 0x0000000100000000, 0x0000000100000000)
  eden space 146944K, 0% used [0x00000000f5580000,0x00000000f5580000,0x00000000fe500000)
  from space 512K, 6% used [0x00000000fe500000,0x00000000fe508000,0x00000000fe580000)
  to   space 14336K, 0% used [0x00000000ff200000,0x00000000ff200000,0x0000000100000000)
 ParOldGen       total 87552K, used 28010K [0x00000000e0000000, 0x00000000e5580000, 0x00000000f5580000)
  object space 87552K, 31% used [0x00000000e0000000,0x00000000e1b5a9c0,0x00000000e5580000)
 Metaspace       used 25301K, capacity 25488K, committed 25600K, reserved 1073152K
  class space    used 2746K, capacity 2816K, committed 2816K, reserved 1048576K
}
Event: 7.044 GC heap before
{Heap before GC invocations=17 (full 1):
 PSYoungGen      total 147456K, used 146976K [0x00000000f5580000, 0x0000000100000000, 0x0000000100000000)
  eden space 146944K, 100% used [0x00000000f5580000,0x00000000fe500000,0x00000000fe500000)
  from space 512K, 6% used [0x00000000fe500000,0x00000000fe508000,0x00000000fe580000)
  to   space 14336K, 0% used [0x00000000ff200000,0x00000000ff200000,0x0000000100000000)
 ParOldGen       total 87552K, used 28010K [0x00000000e0000000, 0x00000000e5580000, 0x00000000f5580000)
  object space 87552K, 31% used [0x00000000e0000000,0x00000000e1b5a9c0,0x00000000e5580000)
 Metaspace       used 26481K, capacity 26736K, committed 27008K, reserved 1073152K
  class space    used 2810K, capacity 2912K, committed 2944K, reserved 1048576K
Event: 7.053 GC heap after
Heap after GC invocations=17 (full 1):
 PSYoungGen      total 160768K, used 7316K [0x00000000f5580000, 0x0000000100000000, 0x0000000100000000)
  eden space 146432K, 0% used [0x00000000f5580000,0x00000000f5580000,0x00000000fe480000)
  from space 14336K, 51% used [0x00000000ff200000,0x00000000ff9250d8,0x0000000100000000)
  to   space 13824K, 0% used [0x00000000fe480000,0x00000000fe480000,0x00000000ff200000)
 ParOldGen       total 87552K, used 28018K [0x00000000e0000000, 0x00000000e5580000, 0x00000000f5580000)
  object space 87552K, 32% used [0x00000000e0000000,0x00000000e1b5c9c0,0x00000000e5580000)
 Metaspace       used 26481K, capacity 26736K, committed 27008K, reserved 1073152K
  class space    used 2810K, capacity 2912K, committed 2944K, reserved 1048576K
}
Event: 7.443 GC heap before
{Heap before GC invocations=18 (full 1):
 PSYoungGen      total 160768K, used 153748K [0x00000000f5580000, 0x0000000100000000, 0x0000000100000000)
  eden space 146432K, 100% used [0x00000000f5580000,0x00000000fe480000,0x00000000fe480000)
  from space 14336K, 51% used [0x00000000ff200000,0x00000000ff9250d8,0x0000000100000000)
  to   space 13824K, 0% used [0x00000000fe480000,0x00000000fe480000,0x00000000ff200000)
 ParOldGen       total 87552K, used 28018K [0x00000000e0000000, 0x00000000e5580000, 0x00000000f5580000)
  object space 87552K, 32% used [0x00000000e0000000,0x00000000e1b5c9c0,0x00000000e5580000)
 Metaspace       used 26535K, capacity 26832K, committed 27008K, reserved 1073152K
  class space    used 2812K, capacity 2944K, committed 2944K, reserved 1048576K
Event: 7.452 GC heap after
Heap after GC invocations=18 (full 1):
 PSYoungGen      total 151552K, used 4843K [0x00000000f5580000, 0x00000000ffe80000, 0x0000000100000000)
  eden space 146432K, 0% used [0x00000000f5580000,0x00000000f5580000,0x00000000fe480000)
  from space 5120K, 94% used [0x00000000fe480000,0x00000000fe93aeb0,0x00000000fe980000)
  to   space 13312K, 0% used [0x00000000ff180000,0x00000000ff180000,0x00000000ffe80000)
 ParOldGen       total 87552K, used 34769K [0x00000000e0000000, 0x00000000e5580000, 0x00000000f5580000)
  object space 87552K, 39% used [0x00000000e0000000,0x00000000e21f4518,0x00000000e5580000)
 Metaspace       used 26535K, capacity 26832K, committed 27008K, reserved 1073152K
  class space    used 2812K, capacity 2944K, committed 2944K, reserved 1048576K
}

