# JRE version: Java(TM) SE Runtime Environment (8.0_131-b11) (build 1.8.0_131-b11)
# Java VM: Java HotSpot(TM) 64-Bit Server VM (25.131-b11 mixed mode windows-amd64 compressed oops)
Heap:
 PSYoungGen      total 161792K, used 14116K [0x00000000f5580000, 0x0000000100000000, 0x0000000100000000)
  eden space 148992K, 9% used [0x00000000f5580000,0x00000000f6349028,0x00000000fe700000)
  from space 12800K, 0% used [0x00000000ff380000,0x00000000ff380000,0x0000000100000000)
  to   space 12800K, 0% used [0x00000000fe700000,0x00000000fe700000,0x00000000ff380000)
 ParOldGen       total 87552K, used 23484K [0x00000000e0000000, 0x00000000e5580000, 0x00000000f5580000)
  object space 87552K, 26% used [0x00000000e0000000,0x00000000e16ef190,0x00000000e5580000)
 Metaspace       used 24451K, capacity 24656K, committed 24832K, reserved 1073152K
  class space    used 2686K, capacity 2752K, committed 2816K, reserved 1048576K
GC Heap History (10 events):
Event: 4.949 GC heap before
{Heap before GC invocations=14 (full 1):
 PSYoungGen      total 103424K, used 95974K [0x00000000f5580000, 0x00000000fc700000, 0x0000000100000000)
  eden space 91648K, 100% used [0x00000000f5580000,0x00000000faf00000,0x00000000faf00000)
  from space 11776K, 36% used [0x00000000fbb80000,0x00000000fbfb98f0,0x00000000fc700000)
  to   space 12288K, 0% used [0x00000000faf00000,0x00000000faf00000,0x00000000fbb00000)
 ParOldGen       total 87552K, used 23278K [0x00000000e0000000, 0x00000000e5580000, 0x00000000f5580000)
  object space 87552K, 26% used [0x00000000e0000000,0x00000000e16bbaf0,0x00000000e5580000)
 Metaspace       used 22712K, capacity 22954K, committed 23088K, reserved 1069056K
  class space    used 2534K, capacity 2655K, committed 2688K, reserved 1048576K
Event: 4.952 GC heap after
Heap after GC invocations=14 (full 1):
 PSYoungGen      total 103936K, used 576K [0x00000000f5580000, 0x00000000fec00000, 0x0000000100000000)
  eden space 91648K, 0% used [0x00000000f5580000,0x00000000f5580000,0x00000000faf00000)
  from space 12288K, 4% used [0x00000000faf00000,0x00000000faf90000,0x00000000fbb00000)
  to   space 12800K, 0% used [0x00000000fdf80000,0x00000000fdf80000,0x00000000fec00000)
 ParOldGen       total 87552K, used 26858K [0x00000000e0000000, 0x00000000e5580000, 0x00000000f5580000)
  object space 87552K, 30% used [0x00000000e0000000,0x00000000e1a3ab00,0x00000000e5580000)
 Metaspace       used 22712K, capacity 22954K, committed 23088K, reserved 1069056K
  class space    used 2534K, capacity 2655K, committed 2688K, reserved 1048576K
}
Event: 5.015 GC heap before
{Heap before GC invocations=15 (full 1):
 PSYoungGen      total 103936K, used 92224K [0x00000000f5580000, 0x00000000fec00000, 0x0000000100000000)
  eden space 91648K, 100% used [0x00000000f5580000,0x00000000faf00000,0x00000000faf00000)
  from space 12288K, 4% used [0x00000000faf00000,0x00000000faf90000,0x00000000fbb00000)
  to   space 12800K, 0% used [0x00000000fdf80000,0x00000000fdf80000,0x00000000fec00000)
 ParOldGen       total 87552K, used 26858K [0x00000000e0000000, 0x00000000e5580000, 0x00000000f5580000)
  object space 87552K, 30% used [0x00000000e0000000,0x00000000e1a3ab00,0x00000000e5580000)
 Metaspace       used 22942K, capacity 23216K, committed 23424K, reserved 1071104K
  class space    used 2563K, capacity 2656K, committed 2688K, reserved 1048576K
Event: 5.016 GC heap after
Heap after GC invocations=15 (full 1):
 PSYoungGen      total 140288K, used 761K [0x00000000f5580000, 0x00000000feb80000, 0x0000000100000000)
  eden space 128000K, 0% used [0x00000000f5580000,0x00000000f5580000,0x00000000fd280000)
  from space 12288K, 6% used [0x00000000fdf80000,0x00000000fe03e6f8,0x00000000feb80000)
  to   space 12800K, 0% used [0x00000000fd280000,0x00000000fd280000,0x00000000fdf00000)
 ParOldGen       total 87552K, used 27210K [0x00000000e0000000, 0x00000000e5580000, 0x00000000f5580000)
  object space 87552K, 31% used [0x00000000e0000000,0x00000000e1a92b00,0x00000000e5580000)
 Metaspace       used 22942K, capacity 23216K, committed 23424K, reserved 1071104K
  class space    used 2563K, capacity 2656K, committed 2688K, reserved 1048576K
}
Event: 5.133 GC heap before
{Heap before GC invocations=16 (full 1):
 PSYoungGen      total 140288K, used 128761K [0x00000000f5580000, 0x00000000feb80000, 0x0000000100000000)
  eden space 128000K, 100% used [0x00000000f5580000,0x00000000fd280000,0x00000000fd280000)
  from space 12288K, 6% used [0x00000000fdf80000,0x00000000fe03e6f8,0x00000000feb80000)
  to   space 12800K, 0% used [0x00000000fd280000,0x00000000fd280000,0x00000000fdf00000)
 ParOldGen       total 87552K, used 27210K [0x00000000e0000000, 0x00000000e5580000, 0x00000000f5580000)
  object space 87552K, 31% used [0x00000000e0000000,0x00000000e1a92b00,0x00000000e5580000)
 Metaspace       used 23674K, capacity 23920K, committed 24064K, reserved 1071104K
  class space    used 2633K, capacity 2720K, committed 2816K, reserved 1048576K
Event: 5.135 GC heap after
Heap after GC invocations=16 (full 1):
 PSYoungGen      total 140800K, used 1335K [0x00000000f5580000, 0x0000000100000000, 0x0000000100000000)
  eden space 128000K, 0% used [0x00000000f5580000,0x00000000f5580000,0x00000000fd280000)
  from space 12800K, 10% used [0x00000000fd280000,0x00000000fd3cdca0,0x00000000fdf00000)
  to   space 12800K, 0% used [0x00000000ff380000,0x00000000ff380000,0x0000000100000000)
 ParOldGen       total 87552K, used 27682K [0x00000000e0000000, 0x00000000e5580000, 0x00000000f5580000)
  object space 87552K, 31% used [0x00000000e0000000,0x00000000e1b08b00,0x00000000e5580000)
 Metaspace       used 23674K, capacity 23920K, committed 24064K, reserved 1071104K
  class space    used 2633K, capacity 2720K, committed 2816K, reserved 1048576K
}
Event: 5.207 GC heap before
{Heap before GC invocations=17 (full 1):
 PSYoungGen      total 140800K, used 64847K [0x00000000f5580000, 0x0000000100000000, 0x0000000100000000)
  eden space 128000K, 49% used [0x00000000f5580000,0x00000000f9385f80,0x00000000fd280000)
  from space 12800K, 10% used [0x00000000fd280000,0x00000000fd3cdca0,0x00000000fdf00000)
  to   space 12800K, 0% used [0x00000000ff380000,0x00000000ff380000,0x0000000100000000)
 ParOldGen       total 87552K, used 27682K [0x00000000e0000000, 0x00000000e5580000, 0x00000000f5580000)
  object space 87552K, 31% used [0x00000000e0000000,0x00000000e1b08b00,0x00000000e5580000)
 Metaspace       used 24252K, capacity 24464K, committed 24576K, reserved 1075200K
  class space    used 2675K, capacity 2752K, committed 2816K, reserved 1048576K
Event: 5.208 GC heap after
Heap after GC invocations=17 (full 1):
 PSYoungGen      total 161792K, used 1195K [0x00000000f5580000, 0x0000000100000000, 0x0000000100000000)
  eden space 148992K, 0% used [0x00000000f5580000,0x00000000f5580000,0x00000000fe700000)
  from space 12800K, 9% used [0x00000000ff380000,0x00000000ff4aaf78,0x0000000100000000)
  to   space 12800K, 0% used [0x00000000fe700000,0x00000000fe700000,0x00000000ff380000)
 ParOldGen       total 87552K, used 28506K [0x00000000e0000000, 0x00000000e5580000, 0x00000000f5580000)
  object space 87552K, 32% used [0x00000000e0000000,0x00000000e1bd6b00,0x00000000e5580000)
 Metaspace       used 24252K, capacity 24464K, committed 24576K, reserved 1075200K
  class space    used 2675K, capacity 2752K, committed 2816K, reserved 1048576K
}
Event: 5.208 GC heap before
{Heap before GC invocations=18 (full 2):
 PSYoungGen      total 161792K, used 1195K [0x00000000f5580000, 0x0000000100000000, 0x0000000100000000)
  eden space 148992K, 0% used [0x00000000f5580000,0x00000000f5580000,0x00000000fe700000)
  from space 12800K, 9% used [0x00000000ff380000,0x00000000ff4aaf78,0x0000000100000000)
  to   space 12800K, 0% used [0x00000000fe700000,0x00000000fe700000,0x00000000ff380000)
 ParOldGen       total 87552K, used 28506K [0x00000000e0000000, 0x00000000e5580000, 0x00000000f5580000)
  object space 87552K, 32% used [0x00000000e0000000,0x00000000e1bd6b00,0x00000000e5580000)
 Metaspace       used 24252K, capacity 24464K, committed 24576K, reserved 1075200K
  class space    used 2675K, capacity 2752K, committed 2816K, reserved 1048576K
Event: 5.268 GC heap after
Heap after GC invocations=18 (full 2):
 PSYoungGen      total 161792K, used 0K [0x00000000f5580000, 0x0000000100000000, 0x0000000100000000)
  eden space 148992K, 0% used [0x00000000f5580000,0x00000000f5580000,0x00000000fe700000)
  from space 12800K, 0% used [0x00000000ff380000,0x00000000ff380000,0x0000000100000000)
  to   space 12800K, 0% used [0x00000000fe700000,0x00000000fe700000,0x00000000ff380000)
 ParOldGen       total 87552K, used 23484K [0x00000000e0000000, 0x00000000e5580000, 0x00000000f5580000)
  object space 87552K, 26% used [0x00000000e0000000,0x00000000e16ef190,0x00000000e5580000)
 Metaspace       used 24252K, capacity 24464K, committed 24576K, reserved 1073152K
  class space    used 2675K, capacity 2752K, committed 2816K, reserved 1048576K
}

