# JRE version: Java(TM) SE Runtime Environment (8.0_131-b11) (build 1.8.0_131-b11)
# Java VM: Java HotSpot(TM) 64-Bit Server VM (25.131-b11 mixed mode windows-amd64 compressed oops)
Heap:
 PSYoungGen      total 131072K, used 71090K [0x00000000f5580000, 0x0000000100000000, 0x0000000100000000)
  eden space 119808K, 59% used [0x00000000f5580000,0x00000000f9aec8f8,0x00000000fca80000)
  from space 11264K, 0% used [0x00000000fca80000,0x00000000fca80000,0x00000000fd580000)
  to   space 11264K, 0% used [0x00000000ff500000,0x00000000ff500000,0x0000000100000000)
 ParOldGen       total 87552K, used 17911K [0x00000000e0000000, 0x00000000e5580000, 0x00000000f5580000)
  object space 87552K, 20% used [0x00000000e0000000,0x00000000e117dc80,0x00000000e5580000)
 Metaspace       used 21797K, capacity 22128K, committed 22448K, reserved 1069056K
  class space    used 2434K, capacity 2529K, committed 2560K, reserved 1048576K
GC Heap History (10 events):
Event: 2.695 GC heap before
{Heap before GC invocations=6 (full 0):
 PSYoungGen      total 71680K, used 71660K [0x00000000f5580000, 0x00000000fa080000, 0x0000000100000000)
  eden space 66560K, 100% used [0x00000000f5580000,0x00000000f9680000,0x00000000f9680000)
  from space 5120K, 99% used [0x00000000f9680000,0x00000000f9b7b0c8,0x00000000f9b80000)
  to   space 5120K, 0% used [0x00000000f9b80000,0x00000000f9b80000,0x00000000fa080000)
 ParOldGen       total 87552K, used 7590K [0x00000000e0000000, 0x00000000e5580000, 0x00000000f5580000)
  object space 87552K, 8% used [0x00000000e0000000,0x00000000e0769990,0x00000000e5580000)
 Metaspace       used 15884K, capacity 16078K, committed 16256K, reserved 1062912K
  class space    used 1817K, capacity 1905K, committed 1920K, reserved 1048576K
Event: 2.700 GC heap after
Heap after GC invocations=6 (full 0):
 PSYoungGen      total 65024K, used 5106K [0x00000000f5580000, 0x00000000fee80000, 0x0000000100000000)
  eden space 59904K, 0% used [0x00000000f5580000,0x00000000f5580000,0x00000000f9000000)
  from space 5120K, 99% used [0x00000000f9b80000,0x00000000fa07c9e8,0x00000000fa080000)
  to   space 11776K, 0% used [0x00000000f9000000,0x00000000f9000000,0x00000000f9b80000)
 ParOldGen       total 87552K, used 12270K [0x00000000e0000000, 0x00000000e5580000, 0x00000000f5580000)
  object space 87552K, 14% used [0x00000000e0000000,0x00000000e0bfbbe0,0x00000000e5580000)
 Metaspace       used 15884K, capacity 16078K, committed 16256K, reserved 1062912K
  class space    used 1817K, capacity 1905K, committed 1920K, reserved 1048576K
}
Event: 3.219 GC heap before
{Heap before GC invocations=7 (full 0):
 PSYoungGen      total 65024K, used 65010K [0x00000000f5580000, 0x00000000fee80000, 0x0000000100000000)
  eden space 59904K, 100% used [0x00000000f5580000,0x00000000f9000000,0x00000000f9000000)
  from space 5120K, 99% used [0x00000000f9b80000,0x00000000fa07c9e8,0x00000000fa080000)
  to   space 11776K, 0% used [0x00000000f9000000,0x00000000f9000000,0x00000000f9b80000)
 ParOldGen       total 87552K, used 12270K [0x00000000e0000000, 0x00000000e5580000, 0x00000000f5580000)
  object space 87552K, 14% used [0x00000000e0000000,0x00000000e0bfbbe0,0x00000000e5580000)
 Metaspace       used 16260K, capacity 16436K, committed 16640K, reserved 1064960K
  class space    used 1854K, capacity 1938K, committed 2048K, reserved 1048576K
Event: 3.226 GC heap after
Heap after GC invocations=7 (full 0):
 PSYoungGen      total 71680K, used 7971K [0x00000000f5580000, 0x00000000fe180000, 0x0000000100000000)
  eden space 59904K, 0% used [0x00000000f5580000,0x00000000f5580000,0x00000000f9000000)
  from space 11776K, 67% used [0x00000000f9000000,0x00000000f97c8f88,0x00000000f9b80000)
  to   space 11776K, 0% used [0x00000000fd600000,0x00000000fd600000,0x00000000fe180000)
 ParOldGen       total 87552K, used 14554K [0x00000000e0000000, 0x00000000e5580000, 0x00000000f5580000)
  object space 87552K, 16% used [0x00000000e0000000,0x00000000e0e36b68,0x00000000e5580000)
 Metaspace       used 16260K, capacity 16436K, committed 16640K, reserved 1064960K
  class space    used 1854K, capacity 1938K, committed 2048K, reserved 1048576K
}
Event: 3.536 GC heap before
{Heap before GC invocations=8 (full 0):
 PSYoungGen      total 71680K, used 67875K [0x00000000f5580000, 0x00000000fe180000, 0x0000000100000000)
  eden space 59904K, 100% used [0x00000000f5580000,0x00000000f9000000,0x00000000f9000000)
  from space 11776K, 67% used [0x00000000f9000000,0x00000000f97c8f88,0x00000000f9b80000)
  to   space 11776K, 0% used [0x00000000fd600000,0x00000000fd600000,0x00000000fe180000)
 ParOldGen       total 87552K, used 14554K [0x00000000e0000000, 0x00000000e5580000, 0x00000000f5580000)
  object space 87552K, 16% used [0x00000000e0000000,0x00000000e0e36b68,0x00000000e5580000)
 Metaspace       used 18088K, capacity 18392K, committed 18560K, reserved 1064960K
  class space    used 2032K, capacity 2141K, committed 2176K, reserved 1048576K
Event: 3.540 GC heap after
Heap after GC invocations=8 (full 0):
 PSYoungGen      total 130560K, used 5800K [0x00000000f5580000, 0x00000000fe080000, 0x0000000100000000)
  eden space 119808K, 0% used [0x00000000f5580000,0x00000000f5580000,0x00000000fca80000)
  from space 10752K, 53% used [0x00000000fd600000,0x00000000fdbaa3a8,0x00000000fe080000)
  to   space 11264K, 0% used [0x00000000fca80000,0x00000000fca80000,0x00000000fd580000)
 ParOldGen       total 87552K, used 15197K [0x00000000e0000000, 0x00000000e5580000, 0x00000000f5580000)
  object space 87552K, 17% used [0x00000000e0000000,0x00000000e0ed77e8,0x00000000e5580000)
 Metaspace       used 18088K, capacity 18392K, committed 18560K, reserved 1064960K
  class space    used 2032K, capacity 2141K, committed 2176K, reserved 1048576K
}
Event: 4.418 GC heap before
{Heap before GC invocations=9 (full 0):
 PSYoungGen      total 130560K, used 84814K [0x00000000f5580000, 0x00000000fe080000, 0x0000000100000000)
  eden space 119808K, 65% used [0x00000000f5580000,0x00000000fa2a9510,0x00000000fca80000)
  from space 10752K, 53% used [0x00000000fd600000,0x00000000fdbaa3a8,0x00000000fe080000)
  to   space 11264K, 0% used [0x00000000fca80000,0x00000000fca80000,0x00000000fd580000)
 ParOldGen       total 87552K, used 15197K [0x00000000e0000000, 0x00000000e5580000, 0x00000000f5580000)
  object space 87552K, 17% used [0x00000000e0000000,0x00000000e0ed77e8,0x00000000e5580000)
 Metaspace       used 20890K, capacity 21188K, committed 21296K, reserved 1069056K
  class space    used 2345K, capacity 2431K, committed 2432K, reserved 1048576K
Event: 4.427 GC heap after
Heap after GC invocations=9 (full 0):
 PSYoungGen      total 131072K, used 7039K [0x00000000f5580000, 0x0000000100000000, 0x0000000100000000)
  eden space 119808K, 0% used [0x00000000f5580000,0x00000000f5580000,0x00000000fca80000)
  from space 11264K, 62% used [0x00000000fca80000,0x00000000fd15fde0,0x00000000fd580000)
  to   space 11264K, 0% used [0x00000000ff500000,0x00000000ff500000,0x0000000100000000)
 ParOldGen       total 87552K, used 17010K [0x00000000e0000000, 0x00000000e5580000, 0x00000000f5580000)
  object space 87552K, 19% used [0x00000000e0000000,0x00000000e109c8a8,0x00000000e5580000)
 Metaspace       used 20890K, capacity 21188K, committed 21296K, reserved 1069056K
  class space    used 2345K, capacity 2431K, committed 2432K, reserved 1048576K
}
Event: 4.427 GC heap before
{Heap before GC invocations=10 (full 1):
 PSYoungGen      total 131072K, used 7039K [0x00000000f5580000, 0x0000000100000000, 0x0000000100000000)
  eden space 119808K, 0% used [0x00000000f5580000,0x00000000f5580000,0x00000000fca80000)
  from space 11264K, 62% used [0x00000000fca80000,0x00000000fd15fde0,0x00000000fd580000)
  to   space 11264K, 0% used [0x00000000ff500000,0x00000000ff500000,0x0000000100000000)
 ParOldGen       total 87552K, used 17010K [0x00000000e0000000, 0x00000000e5580000, 0x00000000f5580000)
  object space 87552K, 19% used [0x00000000e0000000,0x00000000e109c8a8,0x00000000e5580000)
 Metaspace       used 20890K, capacity 21188K, committed 21296K, reserved 1069056K
  class space    used 2345K, capacity 2431K, committed 2432K, reserved 1048576K
Event: 4.478 GC heap after
Heap after GC invocations=10 (full 1):
 PSYoungGen      total 131072K, used 0K [0x00000000f5580000, 0x0000000100000000, 0x0000000100000000)
  eden space 119808K, 0% used [0x00000000f5580000,0x00000000f5580000,0x00000000fca80000)
  from space 11264K, 0% used [0x00000000fca80000,0x00000000fca80000,0x00000000fd580000)
  to   space 11264K, 0% used [0x00000000ff500000,0x00000000ff500000,0x0000000100000000)
 ParOldGen       total 87552K, used 17911K [0x00000000e0000000, 0x00000000e5580000, 0x00000000f5580000)
  object space 87552K, 20% used [0x00000000e0000000,0x00000000e117dc80,0x00000000e5580000)
 Metaspace       used 20890K, capacity 21188K, committed 21296K, reserved 1069056K
  class space    used 2345K, capacity 2431K, committed 2432K, reserved 1048576K
}

